Using pre-set license
Built from '2021.1/release' branch; Version is '2021.1.10f1 (b15f561b2cef) revision 11624278'; Using compiler version '192528614'; Build Type 'Release'
OS: 'Windows 10 Pro; OS build 19042.1288; Version 2009; 64bit' Language: 'es' Physical Memory: 16300 MB
BatchMode: 1, IsHumanControllingUs: 0, StartBugReporterOnCrash: 0, Is64bit: 1, IsPro: 0

 COMMAND LINE ARGUMENTS:
C:\Program Files\Unity\Hub\Editor\2021.1.10f1\Editor\Unity.exe
-adb2
-batchMode
-noUpm
-name
AssetImportWorker0
-projectPath
D:/unityhub/proyectos/DungeonFinal
-logFile
Logs/AssetImportWorker0.log
-srvPort
60786
Successfully changed project path to: D:/unityhub/proyectos/DungeonFinal
D:/unityhub/proyectos/DungeonFinal
Using Asset Import Pipeline V2.
Refreshing native plugins compatible for Editor in 70.28 ms, found 3 plugins.
Preloading 0 native plugins for Editor in 0.00 ms.
Initialize engine version: 2021.1.10f1 (b15f561b2cef)
[Subsystems] Discovering subsystems at path C:/Program Files/Unity/Hub/Editor/2021.1.10f1/Editor/Data/Resources/UnitySubsystems
[Subsystems] Discovering subsystems at path D:/unityhub/proyectos/DungeonFinal/Assets
GfxDevice: creating device client; threaded=0; jobified=0
Direct3D:
    Version:  Direct3D 11.0 [level 11.1]
    Renderer: NVIDIA GeForce GTX 1060 6GB (ID=0x1c03)
    Vendor:   NVIDIA
    VRAM:     6052 MB
    Driver:   30.0.14.7212
Initialize mono
Mono path[0] = 'C:/Program Files/Unity/Hub/Editor/2021.1.10f1/Editor/Data/Managed'
Mono path[1] = 'C:/Program Files/Unity/Hub/Editor/2021.1.10f1/Editor/Data/MonoBleedingEdge/lib/mono/unityjit'
Mono config path = 'C:/Program Files/Unity/Hub/Editor/2021.1.10f1/Editor/Data/MonoBleedingEdge/etc'
Using monoOptions --debugger-agent=transport=dt_socket,embedding=1,server=y,suspend=n,address=127.0.0.1:56264
Begin MonoManager ReloadAssembly
Registering precompiled unity dll's ...
Register platform support module: C:/Program Files/Unity/Hub/Editor/2021.1.10f1/Editor/Data/PlaybackEngines/WindowsStandaloneSupport/UnityEditor.WindowsStandalone.Extensions.dll
Registered in 0.001713 seconds.
Native extension for WindowsStandalone target not found
Refreshing native plugins compatible for Editor in 80.90 ms, found 3 plugins.
Preloading 0 native plugins for Editor in 0.00 ms.
Mono: successfully reloaded assembly
- Completed reload, in  1.043 seconds
Domain Reload Profiling:
	ReloadAssembly (1043ms)
		BeginReloadAssembly (44ms)
			ExecutionOrderSort (0ms)
			DisableScriptedObjects (0ms)
			BackupInstance (0ms)
			ReleaseScriptingObjects (0ms)
			CreateAndSetChildDomain (1ms)
		EndReloadAssembly (392ms)
			LoadAssemblies (42ms)
			RebuildTransferFunctionScriptingTraits (0ms)
			SetupTypeCache (134ms)
			ReleaseScriptCaches (0ms)
			RebuildScriptCaches (26ms)
			SetupLoadedEditorAssemblies (194ms)
				LogAssemblyErrors (0ms)
				InitializePlatformSupportModulesInManaged (5ms)
				SetLoadedEditorAssemblies (0ms)
				RefreshPlugins (81ms)
				BeforeProcessingInitializeOnLoad (1ms)
				ProcessInitializeOnLoadAttributes (82ms)
				ProcessInitializeOnLoadMethodAttributes (24ms)
				AfterProcessingInitializeOnLoad (0ms)
				EditorAssembliesLoaded (0ms)
			ExecutionOrderSort2 (0ms)
			AwakeInstancesAfterBackupRestoration (0ms)
Platform modules already initialized, skipping
Registering precompiled user dll's ...
Registered in 0.003791 seconds.
Begin MonoManager ReloadAssembly
Symbol file LoadedFromMemory doesn't match image D:\unityhub\proyectos\DungeonFinal\Library\PackageCache\com.unity.visualscripting@1.6.1\Editor\VisualScripting.Core\Dependencies\YamlDotNet\Unity.VisualScripting.YamlDotNet.dll
Symbol file LoadedFromMemory doesn't match image D:\unityhub\proyectos\DungeonFinal\Library\PackageCache\com.unity.visualscripting@1.6.1\Editor\VisualScripting.Core\Dependencies\DotNetZip\Unity.VisualScripting.IonicZip.dll
Native extension for WindowsStandalone target not found
Refreshing native plugins compatible for Editor in 0.73 ms, found 3 plugins.
Preloading 0 native plugins for Editor in 0.00 ms.
Mono: successfully reloaded assembly
- Completed reload, in  0.944 seconds
Domain Reload Profiling:
	ReloadAssembly (944ms)
		BeginReloadAssembly (126ms)
			ExecutionOrderSort (0ms)
			DisableScriptedObjects (4ms)
			BackupInstance (0ms)
			ReleaseScriptingObjects (0ms)
			CreateAndSetChildDomain (19ms)
		EndReloadAssembly (766ms)
			LoadAssemblies (73ms)
			RebuildTransferFunctionScriptingTraits (0ms)
			SetupTypeCache (284ms)
			ReleaseScriptCaches (1ms)
			RebuildScriptCaches (46ms)
			SetupLoadedEditorAssemblies (278ms)
				LogAssemblyErrors (0ms)
				InitializePlatformSupportModulesInManaged (4ms)
				SetLoadedEditorAssemblies (0ms)
				RefreshPlugins (1ms)
				BeforeProcessingInitializeOnLoad (66ms)
				ProcessInitializeOnLoadAttributes (196ms)
				ProcessInitializeOnLoadMethodAttributes (4ms)
				AfterProcessingInitializeOnLoad (6ms)
				EditorAssembliesLoaded (0ms)
			ExecutionOrderSort2 (0ms)
			AwakeInstancesAfterBackupRestoration (6ms)
Platform modules already initialized, skipping
========================================================================
Worker process is ready to serve import requests
Launched and connected shader compiler UnityShaderCompiler.exe after 0.04 seconds
Refreshing native plugins compatible for Editor in 0.82 ms, found 3 plugins.
Preloading 0 native plugins for Editor in 0.00 ms.
Unloading 3108 Unused Serialized files (Serialized files now loaded: 0)
System memory in use before: 113.6 MB.
System memory in use after: 113.8 MB.

Unloading 21 unused Assets to reduce memory usage. Loaded Objects now: 3555.
Total: 2.299400 ms (FindLiveObjects: 0.283600 ms CreateObjectMapping: 0.071900 ms MarkObjects: 1.876300 ms  DeleteObjects: 0.066800 ms)

AssetImportParameters requested are different than current active one (requested -> active):
  custom:framework-win-MediaFoundation: 216162199b28c13a410421893ffa2e32 -> 
  custom:video-decoder-ogg-theora: a1e56fd34408186e4bbccfd4996cb3dc -> 
  custom:container-muxer-webm: aa71ff27fc2769a1b78a27578f13a17b -> 
  custom:container-demuxer-webm: 4f35f7cbe854078d1ac9338744f61a02 -> 
  custom:container-demuxer-ogg: 62fdf1f143b41e24485cea50d1cbac27 -> 
  custom:video-encoder-webm-vp8: eb34c28f22e8b96e1ab97ce403110664 -> 
  custom:video-decoder-webm-vp8: 9c59270c3fd7afecdb556c50c9e8de78 -> 
  custom:audio-decoder-ogg-vorbis: bf7c407c2cedff20999df2af8eb42d56 -> 
  custom:audio-encoder-webm-vorbis: bf7c407c2cedff20999df2af8eb42d56 -> 
========================================================================
Received Import Request.
  path: Assets/Kevin Iglesias/SkeletonOutlaw/Animations/SkeletonOutlaw@Attack00.fbx
  artifactKey: Guid(2a2ff845dd4f08a4b9f16004cdac1005) Importer(815301076,1909f56bfc062723c751e8b465ee728b)
Start importing Assets/Kevin Iglesias/SkeletonOutlaw/Animations/SkeletonOutlaw@Attack00.fbx using Guid(2a2ff845dd4f08a4b9f16004cdac1005) Importer(815301076,1909f56bfc062723c751e8b465ee728b)  -> (artifact id: '42fc4606bb436b7a5223058b09c45564') in 0.071293 seconds 
========================================================================
Received Import Request.
  Time since last request: 0.000205 seconds.
  path: Assets/Kevin Iglesias/SkeletonOutlaw/Animations/SkeletonOutlaw@Damage00.fbx
  artifactKey: Guid(e263228e6d15f8e4c91604a4e0af284d) Importer(815301076,1909f56bfc062723c751e8b465ee728b)
Start importing Assets/Kevin Iglesias/SkeletonOutlaw/Animations/SkeletonOutlaw@Damage00.fbx using Guid(e263228e6d15f8e4c91604a4e0af284d) Importer(815301076,1909f56bfc062723c751e8b465ee728b)  -> (artifact id: 'd0f52ef2393676e67601a9abfc9467a5') in 0.031253 seconds 
========================================================================
Received Import Request.
  Time since last request: 0.000177 seconds.
  path: Assets/Kevin Iglesias/SkeletonOutlaw/Animations/SkeletonOutlaw@Run00.fbx
  artifactKey: Guid(c451515cb9060534bb1d1c6801a798b9) Importer(815301076,1909f56bfc062723c751e8b465ee728b)
Start importing Assets/Kevin Iglesias/SkeletonOutlaw/Animations/SkeletonOutlaw@Run00.fbx using Guid(c451515cb9060534bb1d1c6801a798b9) Importer(815301076,1909f56bfc062723c751e8b465ee728b)  -> (artifact id: '76251adb48bb1876369df3056605ea25') in 0.009770 seconds 
========================================================================
Received Import Request.
  Time since last request: 0.000143 seconds.
  path: Assets/Kevin Iglesias/SkeletonOutlaw/Animations/SkeletonOutlaw@Idle00.fbx
  artifactKey: Guid(82e575599256ad74eb867a78e686a10f) Importer(815301076,1909f56bfc062723c751e8b465ee728b)
Start importing Assets/Kevin Iglesias/SkeletonOutlaw/Animations/SkeletonOutlaw@Idle00.fbx using Guid(82e575599256ad74eb867a78e686a10f) Importer(815301076,1909f56bfc062723c751e8b465ee728b)  -> (artifact id: '3920f2b48ec87874ab7601c85a2b3bc3') in 0.010203 seconds 
========================================================================
Received Import Request.
  Time since last request: 0.000169 seconds.
  path: Assets/Kevin Iglesias/SkeletonOutlaw/Animations/SkeletonOutlaw@Attack02.fbx
  artifactKey: Guid(fc79cd7f43dd8cf48938a30b51b7bf89) Importer(815301076,1909f56bfc062723c751e8b465ee728b)
Start importing Assets/Kevin Iglesias/SkeletonOutlaw/Animations/SkeletonOutlaw@Attack02.fbx using Guid(fc79cd7f43dd8cf48938a30b51b7bf89) Importer(815301076,1909f56bfc062723c751e8b465ee728b)  -> (artifact id: '090856ff349e85365950c7105760770a') in 0.009629 seconds 
========================================================================
Received Import Request.
  Time since last request: 0.000158 seconds.
  path: Assets/Kevin Iglesias/SkeletonOutlaw/Animations/SkeletonOutlaw@Jump00 [NoRootMotion].fbx
  artifactKey: Guid(4d1c1663ca126144f9813d9ddd1dd119) Importer(815301076,1909f56bfc062723c751e8b465ee728b)
Start importing Assets/Kevin Iglesias/SkeletonOutlaw/Animations/SkeletonOutlaw@Jump00 [NoRootMotion].fbx using Guid(4d1c1663ca126144f9813d9ddd1dd119) Importer(815301076,1909f56bfc062723c751e8b465ee728b)  -> (artifact id: '67c9265b0e38de43318542702d0742e1') in 0.009258 seconds 
========================================================================
Received Import Request.
  Time since last request: 0.000161 seconds.
  path: Assets/Kevin Iglesias/SkeletonOutlaw/Animations/SkeletonOutlaw@Jump00.fbx
  artifactKey: Guid(4bc25127a9f389d4b8db324cd85a7080) Importer(815301076,1909f56bfc062723c751e8b465ee728b)
Start importing Assets/Kevin Iglesias/SkeletonOutlaw/Animations/SkeletonOutlaw@Jump00.fbx using Guid(4bc25127a9f389d4b8db324cd85a7080) Importer(815301076,1909f56bfc062723c751e8b465ee728b)  -> (artifact id: '53d84b592c1c2c5c5e2cbc61abcfce2f') in 0.009259 seconds 
========================================================================
Received Import Request.
  Time since last request: 0.000184 seconds.
  path: Assets/Kevin Iglesias/SkeletonOutlaw/Animations/SkeletonOutlaw@Idle02.fbx
  artifactKey: Guid(e20cfa8f1ecdc554087db1e9198090a7) Importer(815301076,1909f56bfc062723c751e8b465ee728b)
Start importing Assets/Kevin Iglesias/SkeletonOutlaw/Animations/SkeletonOutlaw@Idle02.fbx using Guid(e20cfa8f1ecdc554087db1e9198090a7) Importer(815301076,1909f56bfc062723c751e8b465ee728b)  -> (artifact id: '59a5368718daf2e89a991a3c62f559cc') in 0.009966 seconds 
========================================================================
Received Import Request.
  Time since last request: 0.000135 seconds.
  path: Assets/Kevin Iglesias/SkeletonOutlaw/Animations/SkeletonOutlaw@Dead01.fbx
  artifactKey: Guid(c811128f97ed4f944b1ce24d53ce3dcc) Importer(815301076,1909f56bfc062723c751e8b465ee728b)
Start importing Assets/Kevin Iglesias/SkeletonOutlaw/Animations/SkeletonOutlaw@Dead01.fbx using Guid(c811128f97ed4f944b1ce24d53ce3dcc) Importer(815301076,1909f56bfc062723c751e8b465ee728b)  -> (artifact id: '99ec4f375753b6b52439125e76c8568c') in 0.009486 seconds 
========================================================================
Received Import Request.
  Time since last request: 0.000153 seconds.
  path: Assets/Kevin Iglesias/SkeletonOutlaw/Animations/SkeletonOutlaw@Damage01.fbx
  artifactKey: Guid(c1af99e72b0b5b042bd297ee3ff95372) Importer(815301076,1909f56bfc062723c751e8b465ee728b)
Start importing Assets/Kevin Iglesias/SkeletonOutlaw/Animations/SkeletonOutlaw@Damage01.fbx using Guid(c1af99e72b0b5b042bd297ee3ff95372) Importer(815301076,1909f56bfc062723c751e8b465ee728b)  -> (artifact id: '03fe0ddfee390ea024c8e702a90c598f') in 0.009455 seconds 
========================================================================
Received Import Request.
  Time since last request: 0.000199 seconds.
  path: Assets/Kevin Iglesias/SkeletonOutlaw/Animations/SkeletonOutlaw@Dead00.fbx
  artifactKey: Guid(4dc448ac47a91c6428de3a7af494b625) Importer(815301076,1909f56bfc062723c751e8b465ee728b)
Start importing Assets/Kevin Iglesias/SkeletonOutlaw/Animations/SkeletonOutlaw@Dead00.fbx using Guid(4dc448ac47a91c6428de3a7af494b625) Importer(815301076,1909f56bfc062723c751e8b465ee728b)  -> (artifact id: 'dd58da2122480ab738e99a9db63927cf') in 0.009688 seconds 
========================================================================
Received Import Request.
  Time since last request: 0.000177 seconds.
  path: Assets/Kevin Iglesias/SkeletonOutlaw/Animations/SkeletonOutlaw@Idle01.fbx
  artifactKey: Guid(6f532e8c9aa994741b00c8f23c9ee923) Importer(815301076,1909f56bfc062723c751e8b465ee728b)
Start importing Assets/Kevin Iglesias/SkeletonOutlaw/Animations/SkeletonOutlaw@Idle01.fbx using Guid(6f532e8c9aa994741b00c8f23c9ee923) Importer(815301076,1909f56bfc062723c751e8b465ee728b)  -> (artifact id: '939b573afded17e4aa48fd5c3b21c859') in 0.010549 seconds 
========================================================================
Received Import Request.
  Time since last request: 0.000197 seconds.
  path: Assets/Kevin Iglesias/SkeletonOutlaw/Animations/SkeletonOutlaw@Attack01.fbx
  artifactKey: Guid(c588282f31b310f45b1c08e2159fe749) Importer(815301076,1909f56bfc062723c751e8b465ee728b)
Start importing Assets/Kevin Iglesias/SkeletonOutlaw/Animations/SkeletonOutlaw@Attack01.fbx using Guid(c588282f31b310f45b1c08e2159fe749) Importer(815301076,1909f56bfc062723c751e8b465ee728b)  -> (artifact id: 'ffd261c5244e5924e54237070f0342ae') in 0.009273 seconds 
========================================================================
Received Prepare
Registering precompiled user dll's ...
Registered in 0.004898 seconds.
Begin MonoManager ReloadAssembly
Symbol file LoadedFromMemory doesn't match image D:\unityhub\proyectos\DungeonFinal\Library\PackageCache\com.unity.visualscripting@1.6.1\Editor\VisualScripting.Core\Dependencies\YamlDotNet\Unity.VisualScripting.YamlDotNet.dll
Symbol file LoadedFromMemory doesn't match image D:\unityhub\proyectos\DungeonFinal\Library\PackageCache\com.unity.visualscripting@1.6.1\Editor\VisualScripting.Core\Dependencies\DotNetZip\Unity.VisualScripting.IonicZip.dll
Native extension for WindowsStandalone target not found
Refreshing native plugins compatible for Editor in 0.73 ms, found 3 plugins.
Preloading 0 native plugins for Editor in 0.00 ms.
Mono: successfully reloaded assembly
- Completed reload, in  0.900 seconds
Domain Reload Profiling:
	ReloadAssembly (900ms)
		BeginReloadAssembly (114ms)
			ExecutionOrderSort (0ms)
			DisableScriptedObjects (4ms)
			BackupInstance (0ms)
			ReleaseScriptingObjects (0ms)
			CreateAndSetChildDomain (38ms)
		EndReloadAssembly (729ms)
			LoadAssemblies (78ms)
			RebuildTransferFunctionScriptingTraits (0ms)
			SetupTypeCache (297ms)
			ReleaseScriptCaches (1ms)
			RebuildScriptCaches (36ms)
			SetupLoadedEditorAssemblies (237ms)
				LogAssemblyErrors (0ms)
				InitializePlatformSupportModulesInManaged (4ms)
				SetLoadedEditorAssemblies (0ms)
				RefreshPlugins (1ms)
				BeforeProcessingInitializeOnLoad (43ms)
				ProcessInitializeOnLoadAttributes (178ms)
				ProcessInitializeOnLoadMethodAttributes (4ms)
				AfterProcessingInitializeOnLoad (7ms)
				EditorAssembliesLoaded (0ms)
			ExecutionOrderSort2 (0ms)
			AwakeInstancesAfterBackupRestoration (6ms)
Platform modules already initialized, skipping
Refreshing native plugins compatible for Editor in 0.72 ms, found 3 plugins.
Preloading 0 native plugins for Editor in 0.00 ms.
Unloading 3100 Unused Serialized files (Serialized files now loaded: 0)
System memory in use before: 113.7 MB.
System memory in use after: 113.9 MB.

Unloading 16 unused Assets to reduce memory usage. Loaded Objects now: 3557.
Total: 2.244500 ms (FindLiveObjects: 0.293500 ms CreateObjectMapping: 0.072700 ms MarkObjects: 1.862100 ms  DeleteObjects: 0.014600 ms)

AssetImportParameters requested are different than current active one (requested -> active):
  custom:framework-win-MediaFoundation: 216162199b28c13a410421893ffa2e32 -> 
  custom:video-decoder-ogg-theora: a1e56fd34408186e4bbccfd4996cb3dc -> 
  custom:container-muxer-webm: aa71ff27fc2769a1b78a27578f13a17b -> 
  custom:container-demuxer-webm: 4f35f7cbe854078d1ac9338744f61a02 -> 
  custom:container-demuxer-ogg: 62fdf1f143b41e24485cea50d1cbac27 -> 
  custom:video-encoder-webm-vp8: eb34c28f22e8b96e1ab97ce403110664 -> 
  custom:video-decoder-webm-vp8: 9c59270c3fd7afecdb556c50c9e8de78 -> 
  custom:audio-decoder-ogg-vorbis: bf7c407c2cedff20999df2af8eb42d56 -> 
  custom:audio-encoder-webm-vorbis: bf7c407c2cedff20999df2af8eb42d56 -> 
========================================================================
Received Prepare
Registering precompiled user dll's ...
Registered in 0.004122 seconds.
Begin MonoManager ReloadAssembly
Symbol file LoadedFromMemory doesn't match image D:\unityhub\proyectos\DungeonFinal\Library\PackageCache\com.unity.visualscripting@1.6.1\Editor\VisualScripting.Core\Dependencies\YamlDotNet\Unity.VisualScripting.YamlDotNet.dll
Symbol file LoadedFromMemory doesn't match image D:\unityhub\proyectos\DungeonFinal\Library\PackageCache\com.unity.visualscripting@1.6.1\Editor\VisualScripting.Core\Dependencies\DotNetZip\Unity.VisualScripting.IonicZip.dll
Native extension for WindowsStandalone target not found
Refreshing native plugins compatible for Editor in 0.75 ms, found 3 plugins.
Preloading 0 native plugins for Editor in 0.00 ms.
Mono: successfully reloaded assembly
- Completed reload, in  0.879 seconds
Domain Reload Profiling:
	ReloadAssembly (879ms)
		BeginReloadAssembly (100ms)
			ExecutionOrderSort (0ms)
			DisableScriptedObjects (4ms)
			BackupInstance (0ms)
			ReleaseScriptingObjects (0ms)
			CreateAndSetChildDomain (34ms)
		EndReloadAssembly (727ms)
			LoadAssemblies (74ms)
			RebuildTransferFunctionScriptingTraits (0ms)
			SetupTypeCache (284ms)
			ReleaseScriptCaches (1ms)
			RebuildScriptCaches (37ms)
			SetupLoadedEditorAssemblies (246ms)
				LogAssemblyErrors (0ms)
				InitializePlatformSupportModulesInManaged (4ms)
				SetLoadedEditorAssemblies (0ms)
				RefreshPlugins (1ms)
				BeforeProcessingInitializeOnLoad (46ms)
				ProcessInitializeOnLoadAttributes (185ms)
				ProcessInitializeOnLoadMethodAttributes (4ms)
				AfterProcessingInitializeOnLoad (6ms)
				EditorAssembliesLoaded (0ms)
			ExecutionOrderSort2 (0ms)
			AwakeInstancesAfterBackupRestoration (6ms)
Platform modules already initialized, skipping
Refreshing native plugins compatible for Editor in 0.83 ms, found 3 plugins.
Preloading 0 native plugins for Editor in 0.00 ms.
Unloading 3100 Unused Serialized files (Serialized files now loaded: 0)
System memory in use before: 113.8 MB.
System memory in use after: 114.0 MB.

Unloading 16 unused Assets to reduce memory usage. Loaded Objects now: 3559.
Total: 2.392900 ms (FindLiveObjects: 0.312400 ms CreateObjectMapping: 0.081600 ms MarkObjects: 1.980100 ms  DeleteObjects: 0.017400 ms)

AssetImportParameters requested are different than current active one (requested -> active):
  custom:framework-win-MediaFoundation: 216162199b28c13a410421893ffa2e32 -> 
  custom:video-decoder-ogg-theora: a1e56fd34408186e4bbccfd4996cb3dc -> 
  custom:container-muxer-webm: aa71ff27fc2769a1b78a27578f13a17b -> 
  custom:container-demuxer-webm: 4f35f7cbe854078d1ac9338744f61a02 -> 
  custom:container-demuxer-ogg: 62fdf1f143b41e24485cea50d1cbac27 -> 
  custom:video-encoder-webm-vp8: eb34c28f22e8b96e1ab97ce403110664 -> 
  custom:video-decoder-webm-vp8: 9c59270c3fd7afecdb556c50c9e8de78 -> 
  custom:audio-decoder-ogg-vorbis: bf7c407c2cedff20999df2af8eb42d56 -> 
  custom:audio-encoder-webm-vorbis: bf7c407c2cedff20999df2af8eb42d56 -> 
========================================================================
Received Import Request.
  Time since last request: 1314.589457 seconds.
  path: Assets/Kevin Iglesias/SkeletonOutlaw/SkeletonOutlawDemo.controller
  artifactKey: Guid(0ca7eafc6f555b741862212a56fd50e9) Importer(815301076,1909f56bfc062723c751e8b465ee728b)
Start importing Assets/Kevin Iglesias/SkeletonOutlaw/SkeletonOutlawDemo.controller using Guid(0ca7eafc6f555b741862212a56fd50e9) Importer(815301076,1909f56bfc062723c751e8b465ee728b)  -> (artifact id: 'da85e664e918eb8d15a9bce3347eed95') in 0.037513 seconds 
========================================================================
Received Import Request.
  Time since last request: 14.109509 seconds.
  path: Assets/Kevin Iglesias/SkeletonOutlaw/Animations/SkeletonOutlaw@Walk00.fbx
  artifactKey: Guid(1111c303e393ade49997c8e70bee7677) Importer(815301076,1909f56bfc062723c751e8b465ee728b)
Start importing Assets/Kevin Iglesias/SkeletonOutlaw/Animations/SkeletonOutlaw@Walk00.fbx using Guid(1111c303e393ade49997c8e70bee7677) Importer(815301076,1909f56bfc062723c751e8b465ee728b)  -> (artifact id: '8b7a156ee54502dafe42fd6a2b70c0da') in 0.019898 seconds 
========================================================================
Received Import Request.
  Time since last request: 1319.197128 seconds.
  path: ProjectSettings/TagManager.asset
  artifactKey: Guid(00000000000000003000000000000000) Importer(815301076,1909f56bfc062723c751e8b465ee728b)
Start importing ProjectSettings/TagManager.asset using Guid(00000000000000003000000000000000) Importer(815301076,1909f56bfc062723c751e8b465ee728b)  -> (artifact id: '170da9f9ceae3d51a80e14a5aa8e989a') in 0.007650 seconds 
========================================================================
Received Import Request.
  Time since last request: 514.137292 seconds.
  path: Assets/DogKnight/Animations/Die.anim
  artifactKey: Guid(5d190d8211c88a64281f7b90c69f3eb3) Importer(815301076,1909f56bfc062723c751e8b465ee728b)
Start importing Assets/DogKnight/Animations/Die.anim using Guid(5d190d8211c88a64281f7b90c69f3eb3) Importer(815301076,1909f56bfc062723c751e8b465ee728b)  -> (artifact id: '3f1fe0be7b8ad345e699984b2970e1c2') in 0.016127 seconds 
========================================================================
Received Import Request.
  Time since last request: 2.491404 seconds.
  path: Assets/DogKnight/Animations/Attack02.anim
  artifactKey: Guid(eccbae3cfc77ad245ade46e143aa3200) Importer(815301076,1909f56bfc062723c751e8b465ee728b)
Start importing Assets/DogKnight/Animations/Attack02.anim using Guid(eccbae3cfc77ad245ade46e143aa3200) Importer(815301076,1909f56bfc062723c751e8b465ee728b)  -> (artifact id: '7dd6be6f056e100b37e874ad0b057959') in 0.012584 seconds 
========================================================================
Received Import Request.
  Time since last request: 0.613997 seconds.
  path: Assets/DogKnight/Animations/Attack01.anim
  artifactKey: Guid(6019f1b4a095b0b4396f5561a51fee89) Importer(815301076,1909f56bfc062723c751e8b465ee728b)
Start importing Assets/DogKnight/Animations/Attack01.anim using Guid(6019f1b4a095b0b4396f5561a51fee89) Importer(815301076,1909f56bfc062723c751e8b465ee728b)  -> (artifact id: '6edf586df70aebe4b219f45336d4424e') in 0.025260 seconds 
========================================================================
Received Import Request.
  Time since last request: 37.774933 seconds.
  path: Assets/Script/PlayerScript.cs
  artifactKey: Guid(f878fa899f614434eb0a287bfd80f068) Importer(815301076,1909f56bfc062723c751e8b465ee728b)
Start importing Assets/Script/PlayerScript.cs using Guid(f878fa899f614434eb0a287bfd80f068) Importer(815301076,1909f56bfc062723c751e8b465ee728b)  -> (artifact id: 'e446ab642ad02fb0491ff4c16cf2803d') in 0.008976 seconds 
========================================================================
Received Prepare
Registering precompiled user dll's ...
Registered in 0.003976 seconds.
Begin MonoManager ReloadAssembly
Symbol file LoadedFromMemory doesn't match image D:\unityhub\proyectos\DungeonFinal\Library\PackageCache\com.unity.visualscripting@1.6.1\Editor\VisualScripting.Core\Dependencies\YamlDotNet\Unity.VisualScripting.YamlDotNet.dll
Symbol file LoadedFromMemory doesn't match image D:\unityhub\proyectos\DungeonFinal\Library\PackageCache\com.unity.visualscripting@1.6.1\Editor\VisualScripting.Core\Dependencies\DotNetZip\Unity.VisualScripting.IonicZip.dll
Native extension for WindowsStandalone target not found
Refreshing native plugins compatible for Editor in 0.83 ms, found 3 plugins.
Preloading 0 native plugins for Editor in 0.00 ms.
Mono: successfully reloaded assembly
- Completed reload, in  0.916 seconds
Domain Reload Profiling:
	ReloadAssembly (916ms)
		BeginReloadAssembly (118ms)
			ExecutionOrderSort (0ms)
			DisableScriptedObjects (4ms)
			BackupInstance (0ms)
			ReleaseScriptingObjects (0ms)
			CreateAndSetChildDomain (45ms)
		EndReloadAssembly (743ms)
			LoadAssemblies (77ms)
			RebuildTransferFunctionScriptingTraits (0ms)
			SetupTypeCache (289ms)
			ReleaseScriptCaches (1ms)
			RebuildScriptCaches (38ms)
			SetupLoadedEditorAssemblies (252ms)
				LogAssemblyErrors (0ms)
				InitializePlatformSupportModulesInManaged (4ms)
				SetLoadedEditorAssemblies (0ms)
				RefreshPlugins (1ms)
				BeforeProcessingInitializeOnLoad (44ms)
				ProcessInitializeOnLoadAttributes (192ms)
				ProcessInitializeOnLoadMethodAttributes (4ms)
				AfterProcessingInitializeOnLoad (6ms)
				EditorAssembliesLoaded (0ms)
			ExecutionOrderSort2 (0ms)
			AwakeInstancesAfterBackupRestoration (6ms)
Platform modules already initialized, skipping
Refreshing native plugins compatible for Editor in 0.79 ms, found 3 plugins.
Preloading 0 native plugins for Editor in 0.00 ms.
Unloading 3100 Unused Serialized files (Serialized files now loaded: 0)
System memory in use before: 113.8 MB.
System memory in use after: 114.1 MB.

Unloading 17 unused Assets to reduce memory usage. Loaded Objects now: 3561.
Total: 2.243700 ms (FindLiveObjects: 0.282100 ms CreateObjectMapping: 0.073800 ms MarkObjects: 1.868300 ms  DeleteObjects: 0.018000 ms)

AssetImportParameters requested are different than current active one (requested -> active):
  custom:framework-win-MediaFoundation: 216162199b28c13a410421893ffa2e32 -> 
  custom:video-decoder-ogg-theora: a1e56fd34408186e4bbccfd4996cb3dc -> 
  custom:container-muxer-webm: aa71ff27fc2769a1b78a27578f13a17b -> 
  custom:container-demuxer-webm: 4f35f7cbe854078d1ac9338744f61a02 -> 
  custom:container-demuxer-ogg: 62fdf1f143b41e24485cea50d1cbac27 -> 
  custom:video-encoder-webm-vp8: eb34c28f22e8b96e1ab97ce403110664 -> 
  custom:video-decoder-webm-vp8: 9c59270c3fd7afecdb556c50c9e8de78 -> 
  custom:audio-decoder-ogg-vorbis: bf7c407c2cedff20999df2af8eb42d56 -> 
  custom:audio-encoder-webm-vorbis: bf7c407c2cedff20999df2af8eb42d56 -> 
========================================================================
Received Import Request.
  Time since last request: 1348.752470 seconds.
  path: Assets/Script/PlayerScript.cs
  artifactKey: Guid(f878fa899f614434eb0a287bfd80f068) Importer(815301076,1909f56bfc062723c751e8b465ee728b)
Start importing Assets/Script/PlayerScript.cs using Guid(f878fa899f614434eb0a287bfd80f068) Importer(815301076,1909f56bfc062723c751e8b465ee728b)  -> (artifact id: 'bd776326678b1250ac7ed06b6f35a7dc') in 0.090082 seconds 
AssetImportWorkerClient::OnTransportError - code=2 error=End of file
